<?xml version="1.0" encoding="UTF-8"?>
<beans xmlns="http://www.springframework.org/schema/beans"
	xmlns:xsi="http://www.w3.org/2001/XMLSchema-instance"
	xmlns:context="http://www.springframework.org/schema/context"
	xmlns:mvc="http://www.springframework.org/schema/mvc"
	xmlns:aop="http://www.springframework.org/schema/aop"
	xmlns:util="http://www.springframework.org/schema/util"
	xsi:schemaLocation="http://www.springframework.org/schema/mvc http://www.springframework.org/schema/mvc/spring-mvc-4.3.xsd
		http://www.springframework.org/schema/beans http://www.springframework.org/schema/beans/spring-beans.xsd
		http://www.springframework.org/schema/context http://www.springframework.org/schema/context/spring-context-4.3.xsd
		http://www.springframework.org/schema/aop http://www.springframework.org/schema/aop/spring-aop-4.3.xsd
		http://www.springframework.org/schema/util http://www.springframework.org/schema/util/spring-util-4.3.xsd">

	<bean
		class="org.springframework.beans.factory.config.PropertyPlaceholderConfigurer">
		<property name="locations">
			<list>
				<value>classpath:configProperties/jdbc.properties</value>
				<value>classpath:configProperties/jdbc.properties2</value>
			</list>
		</property>
	</bean>
	
	<util:properties id="pageProperties" location="classpath:configProperties/page.properties"/>
	
	<aop:aspectj-autoproxy />

	<!-- <bean class="org.springframework.web.servlet.view.InternalResourceViewResolver"> 
		<property name="prefix"> <value>/WEB-INF/spring/</value> </property> <property 
		name="suffix"> <value>.jsp</value> </property> </bean> -->

	<mvc:annotation-driven>

		<mvc:message-converters>

			<bean
				class="org.springframework.http.converter.StringHttpMessageConverter">
				<property name="supportedMediaTypes">
					<list>
						<value>text/html;charset=UTF-8</value>
						<value>application/json;charset=UTF-8</value>
					</list>
				</property>
			</bean>

		</mvc:message-converters>

	</mvc:annotation-driven>

	<context:component-scan
		base-package="board.raw.controller
		, board.raw.user
		, board.raw.board
		, board.raw.article
		, board.raw.reply
		, board.raw.domain
		, board.raw.aspect" />

	<mvc:resources mapping="/favicon.ico"
		location="/favicon/favicon.ico" />
	<mvc:resources mapping="/resources/**"
		location="/resources/" />
	<mvc:resources mapping="/javascript/**"
		location="/javascript/" />

	<mvc:interceptors>

		<mvc:interceptor>
			<mvc:mapping path="/**" />
			<mvc:exclude-mapping path="/favicon.ico" />
			<mvc:exclude-mapping path="/resources/**" />
			<mvc:exclude-mapping path="/javascript/**" />
			<bean class="board.raw.aspect.InterceptorClass" />
		</mvc:interceptor>

	</mvc:interceptors>
	
</beans>