<?xml version="1.0" encoding="UTF-8"?>
<beans xmlns="http://www.springframework.org/schema/beans"
	xmlns:xsi="http://www.w3.org/2001/XMLSchema-instance"
	xmlns:context="http://www.springframework.org/schema/context"
	xmlns:mvc="http://www.springframework.org/schema/mvc"
	xmlns:aop="http://www.springframework.org/schema/aop"
	xsi:schemaLocation="http://www.springframework.org/schema/mvc http://www.springframework.org/schema/mvc/spring-mvc-4.3.xsd
		http://www.springframework.org/schema/beans http://www.springframework.org/schema/beans/spring-beans.xsd
		http://www.springframework.org/schema/context http://www.springframework.org/schema/context/spring-context-4.3.xsd
		http://www.springframework.org/schema/aop http://www.springframework.org/schema/aop/spring-aop-4.3.xsd">

	<bean
		class="org.springframework.beans.factory.config.PropertyPlaceholderConfigurer">
		<property name="locations">
			<list>
				<value>classpath:configProperties/jdbc.properties</value>
				<value>classpath:configProperties/jdbc.properties2</value>
			</list>
		</property>
	</bean>

	<!-- <bean class="org.springframework.web.servlet.view.InternalResourceViewResolver"> 
		<property name="prefix"> <value>/WEB-INF/spring/</value> </property> <property 
		name="suffix"> <value>.jsp</value> </property> </bean> -->

	<mvc:annotation-driven />

	<context:component-scan
		base-package="board.raw.controller, board.raw.user" />

	<mvc:resources mapping="/resources/**"
		location="/resources/" />
	<mvc:resources mapping="/javascript/**"
		location="/javascript/" />

	<mvc:interceptors>

		<mvc:interceptor>
			<mvc:mapping path="/**" />
			<mvc:exclude-mapping path="/resources/**"/>
			<mvc:exclude-mapping path="/javascript/**"/>
			<bean class="board.raw.aspect.AopClass" />
		</mvc:interceptor>

	</mvc:interceptors>

</beans>


